object TprReport
  ShowProgress = True
  DesignerFormMode = fmMDIChild
  PreviewFormMode = fmMDIChild
  ExportFromPage = 0
  ExportToPage = 0
  Values = <
    item
      Name = 'prValue1'
      AggFunction = prafCount
      ResetOn = rvtReport
      CalcOn = cvtDataSetNext
      DataSetName = 'IBQuery1'
    end
    item
      Name = 'prValue2'
      AggFunction = prafCount
      ResetOn = rvtReport
      CalcOn = cvtDataSetNext
      DataSetName = 'IBQuery2'
    end>
  Variables = <
    item
      Name = 'ReportTitle'
      ValueType = 'prvvtString'
      Value = ''
    end
    item
      Name = 'ReportPeriod'
      ValueType = 'prvvtString'
      Value = ''
    end>
  Left = 584
  Top = 32
  object prPage1: TprPage
    Width = 2100
    Height = 2970
    PaperSize = 9
    Orientation = poPortrait
    lMargin = 10
    rMargin = 10
    tMargin = 10
    bMargin = 10
    object prHTitleBand1: TprHTitleBand
      Height = 57
      object prMemoObj1: TprMemoObj
        dRec.Versions = <
          item
            Visible = True
            Memo.Strings = (
              '[ReportTitle]'
              '[ReportPeriod]')
            lBorder.Width = 1
            rBorder.Width = 1
            tBorder.Width = 1
            bBorder.Width = 1
            FillColor = 12572607
            hAlign = prhCenter
            vAlign = prvCenter
            Font.Charset = RUSSIAN_CHARSET
            Font.Color = clRed
            Font.Height = -13
            Font.Name = 'Comic Sans MS'
            Font.Style = [fsUnderline]
            FontSize = 10
          end>
        dRec.Left = 11
        dRec.Top = 11
        dRec.Right = 705
        dRec.Bottom = 53
        dRec.WidthAsVerticalBand = True
      end
    end
    object prHDetailBand1: TprHDetailBand
      Height = 23
      DataSetName = 'IBQuery2'
      Bands = (
        'prHDetailHeaderBand1'
        'prHDetailFooterBand1')
      object prMemoObj4: TprMemoObj
        dRec.Versions = <
          item
            Visible = True
            Memo.Strings = (
              '[IBQuery2.LNAME] [IBQuery2.FNAME] [IBQuery2.MNAME]')
            lBorder.Width = 1
            rBorder.Width = 1
            tBorder.Width = 1
            bBorder.Show = True
            bBorder.Width = 1
            FillColor = clWhite
            vAlign = prvCenter
            Font.Charset = DEFAULT_CHARSET
            Font.Color = clWindowText
            Font.Height = -13
            Font.Name = 'Arial Cyr'
            Font.Style = []
            FontSize = 10
          end>
        dRec.Left = 4
        dRec.Top = 3
        dRec.Right = 545
        dRec.Bottom = 24
      end
    end
    object prHDetailHeaderBand1: TprHDetailHeaderBand
      Height = 40
      DetailBand = prHDetailBand1
      object prMemoObj2: TprMemoObj
        dRec.Versions = <
          item
            Visible = True
            Memo.Strings = (
              #1054#1058#1057#1059#1058#1057#1058#1042#1054#1042#1040#1042#1064#1048#1045)
            lBorder.Show = True
            lBorder.Width = 1
            rBorder.Show = True
            rBorder.Width = 1
            tBorder.Show = True
            tBorder.Width = 1
            bBorder.Show = True
            bBorder.Width = 1
            FillColor = clGray
            hAlign = prhCenter
            vAlign = prvCenter
            Font.Charset = DEFAULT_CHARSET
            Font.Color = clWhite
            Font.Height = -13
            Font.Name = 'Arial Cyr'
            Font.Style = [fsBold]
            FontSize = 10
          end>
        dRec.Left = 74
        dRec.Top = 8
        dRec.Right = 637
        dRec.Bottom = 36
      end
    end
    object prHDetailBand2: TprHDetailBand
      Height = 23
      DataSetName = 'IBQuery1'
      ResizeObjs = (
        'prMemoObj3')
      Bands = (
        'prHDetailHeaderBand2'
        'prHDetailFooterBand2')
      object prMemoObj3: TprMemoObj
        dRec.Versions = <
          item
            Visible = True
            Memo.Strings = (
              '[IBQuery1.LNAME] [IBQuery1.FNAME] [IBQuery1.MNAME]')
            lBorder.Width = 1
            rBorder.Width = 1
            tBorder.Width = 1
            bBorder.Show = True
            bBorder.Width = 1
            FillColor = clWhite
            vAlign = prvCenter
            Font.Charset = DEFAULT_CHARSET
            Font.Color = clWindowText
            Font.Height = -13
            Font.Name = 'Arial Cyr'
            Font.Style = []
            FontSize = 10
          end>
        dRec.Left = 3
        dRec.Top = 3
        dRec.Right = 544
        dRec.Bottom = 24
      end
    end
    object prHDetailHeaderBand2: TprHDetailHeaderBand
      Height = 40
      DetailBand = prHDetailBand2
      object prMemoObj5: TprMemoObj
        dRec.Versions = <
          item
            Visible = True
            Memo.Strings = (
              #1055#1056#1048#1057#1059#1058#1057#1058#1042#1054#1042#1040#1042#1064#1048#1045)
            lBorder.Show = True
            lBorder.Width = 1
            rBorder.Show = True
            rBorder.Width = 1
            tBorder.Show = True
            tBorder.Width = 1
            bBorder.Show = True
            bBorder.Width = 1
            FillColor = clGray
            hAlign = prhCenter
            vAlign = prvCenter
            Font.Charset = DEFAULT_CHARSET
            Font.Color = clWhite
            Font.Height = -13
            Font.Name = 'Arial Cyr'
            Font.Style = [fsBold]
            FontSize = 10
          end>
        dRec.Left = 75
        dRec.Top = 9
        dRec.Right = 638
        dRec.Bottom = 37
      end
    end
    object prHDetailFooterBand1: TprHDetailFooterBand
      Height = 40
      DetailBand = prHDetailBand1
      ColCount = 1
      ColDirection = prcdTopBottomLeftRight
      LinkToDetail = False
      object prMemoObj6: TprMemoObj
        dRec.Versions = <
          item
            Visible = True
            Memo.Strings = (
              #1048#1058#1054#1043#1054':   [prValue2] '#1095#1077#1083#1086#1074#1077#1082)
            lBorder.Width = 1
            rBorder.Width = 1
            tBorder.Width = 1
            bBorder.Width = 1
            FillColor = clWhite
            vAlign = prvCenter
            Font.Charset = DEFAULT_CHARSET
            Font.Color = clWindowText
            Font.Height = -15
            Font.Name = 'Arial Cyr'
            Font.Style = [fsItalic]
            FontSize = 11
          end>
        dRec.Left = 5
        dRec.Top = 12
        dRec.Right = 283
        dRec.Bottom = 33
      end
    end
    object prHDetailFooterBand2: TprHDetailFooterBand
      Height = 40
      DetailBand = prHDetailBand2
      ColCount = 1
      ColDirection = prcdTopBottomLeftRight
      LinkToDetail = False
      object prMemoObj7: TprMemoObj
        dRec.Versions = <
          item
            Visible = True
            Memo.Strings = (
              #1048#1058#1054#1043#1054':   [prValue1] '#1095#1077#1083#1086#1074#1077#1082)
            lBorder.Width = 1
            rBorder.Width = 1
            tBorder.Width = 1
            bBorder.Width = 1
            FillColor = clWhite
            vAlign = prvCenter
            Font.Charset = DEFAULT_CHARSET
            Font.Color = clWindowText
            Font.Height = -15
            Font.Name = 'Arial Cyr'
            Font.Style = [fsItalic]
            FontSize = 11
          end>
        dRec.Left = 5
        dRec.Top = 12
        dRec.Right = 283
        dRec.Bottom = 33
      end
    end
  end
end